#
# A fatal error has been detected by the Java Runtime Environment:
#
#  SIGSEGV (0xb) at pc=0x00007f5d4d066876, pid=122995, tid=123201
#
# JRE version: OpenJDK Runtime Environment Temurin-21.0.5+11 (21.0.5+11) (build 21.0.5+11-LTS)
# Java VM: OpenJDK 64-Bit Server VM Temurin-21.0.5+11 (21.0.5+11-LTS, mixed mode, tiered, compressed oops, compressed class ptrs, g1 gc, linux-amd64)
# Problematic frame:
# C  [libc.so.6+0x46876]
#
# Core dump will be written. Default location: Core dumps may be processed with "/usr/lib/systemd/systemd-coredump %P %u %g %s %t %c %h %d %F" (or dumping to /home/andysags/G-SVR-500-COT-5-1-survivor-10/core.122995)
#
# If you would like to submit a bug report, please visit:
#   https://github.com/adoptium/adoptium-support/issues
# The crash happened outside the Java Virtual Machine in native code.
# See problematic frame for where to report the bug.
#

---------------  S U M M A R Y ------------

Command Line: -XX:+IgnoreUnrecognizedVMOptions -Dosgi.requiredJavaVersion=21 -Dfile.encoding=UTF-8 --add-opens=java.base/java.io=ALL-UNNAMED --add-opens=java.base/java.lang=ALL-UNNAMED --add-opens=java.base/java.lang.reflect=ALL-UNNAMED --add-opens=java.base/java.net=ALL-UNNAMED --add-opens=java.base/java.nio=ALL-UNNAMED --add-opens=java.base/java.nio.charset=ALL-UNNAMED --add-opens=java.base/java.text=ALL-UNNAMED --add-opens=java.base/java.time=ALL-UNNAMED --add-opens=java.base/java.util=ALL-UNNAMED --add-opens=java.base/java.util.concurrent=ALL-UNNAMED --add-opens=java.base/java.util.concurrent.atomic=ALL-UNNAMED --add-opens=java.base/jdk.internal.vm=ALL-UNNAMED --add-opens=java.base/jdk.internal.misc=ALL-UNNAMED --add-opens=java.base/sun.nio.ch=ALL-UNNAMED --add-opens=java.base/sun.nio.fs=ALL-UNNAMED --add-opens=java.base/sun.security.ssl=ALL-UNNAMED --add-opens=java.base/sun.security.action=ALL-UNNAMED --add-opens=java.base/sun.security.util=ALL-UNNAMED --add-opens=java.security.jgss/sun.security.jgss=ALL-UNNAMED --add-opens=java.security.jgss/sun.security.krb5=ALL-UNNAMED --add-opens=java.desktop/java.awt=ALL-UNNAMED --add-opens=java.desktop/java.awt.peer=ALL-UNNAMED --add-opens=java.sql/java.sql=ALL-UNNAMED -Xms64m -Xmx1024m -Ddbeaver.distribution.type=deb -Duser.home=/home/andysags/snap/dbeaver-ce/400 -Dorg.eclipse.swt.browser.DefaultType=webkit -Dorg.eclipse.swt.browser.UseWebKitGTK=true -Ddbeaver.io.tmpdir=/home/andysags/Downloads /snap/dbeaver-ce/400/usr/share/dbeaver-ce//plugins/org.jkiss.dbeaver.launcher_1.0.36.202508311659.jar -os linux -ws gtk -arch x86_64 -showsplash -launcher /snap/dbeaver-ce/400/usr/share/dbeaver-ce/dbeaver -name Dbeaver --launcher.library /snap/dbeaver-ce/400/usr/share/dbeaver-ce//plugins/org.eclipse.equinox.launcher.gtk.linux.x86_64_1.2.1400.v20250331-1702/eclipse_11911.so -startup /snap/dbeaver-ce/400/usr/share/dbeaver-ce//plugins/org.jkiss.dbeaver.launcher_1.0.36.202508311659.jar --launcher.overrideVmargs -exitdata 28023 -vm /snap/dbeaver-ce/400/usr/share/dbeaver-ce/jre/bin/java -vmargs -XX:+IgnoreUnrecognizedVMOptions -Dosgi.requiredJavaVersion=21 -Dfile.encoding=UTF-8 --add-opens=java.base/java.io=ALL-UNNAMED --add-opens=java.base/java.lang=ALL-UNNAMED --add-opens=java.base/java.lang.reflect=ALL-UNNAMED --add-opens=java.base/java.net=ALL-UNNAMED --add-opens=java.base/java.nio=ALL-UNNAMED --add-opens=java.base/java.nio.charset=ALL-UNNAMED --add-opens=java.base/java.text=ALL-UNNAMED --add-opens=java.base/java.time=ALL-UNNAMED --add-opens=java.base/java.util=ALL-UNNAMED --add-opens=java.base/java.util.concurrent=ALL-UNNAMED --add-opens=java.base/java.util.concurrent.atomic=ALL-UNNAMED --add-opens=java.base/jdk.internal.vm=ALL-UNNAMED --add-opens=java.base/jdk.internal.misc=ALL-UNNAMED --add-opens=java.base/sun.nio.ch=ALL-UNNAMED --add-opens=java.base/sun.nio.fs=ALL-UNNAMED --add-opens=java.base/sun.security.ssl=ALL-UNNAMED --add-opens=java.base/sun.security.action=ALL-UNNAMED --add-opens=java.base/sun.security.util=ALL-UNNAMED --add-opens=java.security.jgss/sun.security.jgss=ALL-UNNAMED --add-opens=java.security.jgss/sun.security.krb5=ALL-UNNAMED --add-opens=java.desktop/java.awt=ALL-UNNAMED --add-opens=java.desktop/java.awt.peer=ALL-UNNAMED --add-opens=java.sql/java.sql=ALL-UNNAMED -Xms64m -Xmx1024m -Ddbeaver.distribution.type=deb -jar /snap/dbeaver-ce/400/usr/share/dbeaver-ce//plugins/org.jkiss.dbeaver.launcher_1.0.36.202508311659.jar

Host: 11th Gen Intel(R) Core(TM) i5-1135G7 @ 2.40GHz, 8 cores, 11G, Ubuntu Core 20
Time: Wed Sep 10 14:21:33 2025 WAT elapsed time: 1419.900842 seconds (0d 0h 23m 39s)

---------------  T H R E A D  ---------------

Current thread (0x00007f5d44de98a0):  JavaThread "AWT-XAWT"  daemon [_thread_in_native, id=123201, stack(0x00007f5c6643e000,0x00007f5c6653f000) (1028K)]

Stack: [0x00007f5c6643e000,0x00007f5c6653f000],  sp=0x00007f5c6653d790,  free space=1021k
Native frames: (J=compiled Java code, j=interpreted, Vv=VM code, C=native code)
C  [libc.so.6+0x46876]
Java frames: (J=compiled Java code, j=interpreted, Vv=VM code)
J 9387  sun.awt.X11.XlibWrapper.XEventsQueued(JI)I java.desktop@21.0.5 (0 bytes) @ 0x00007f5d3cbba674 [0x00007f5d3cbba620+0x0000000000000054]
j  sun.awt.X11.XToolkit.run(Z)V+63 java.desktop@21.0.5
j  sun.awt.X11.XToolkit.run()V+5 java.desktop@21.0.5
j  java.lang.Thread.runWith(Ljava/lang/Object;Ljava/lang/Runnable;)V+5 java.base@21.0.5
j  java.lang.Thread.run()V+19 java.base@21.0.5
v  ~StubRoutines::call_stub 0x00007f5d3c537cc6

siginfo: si_signo: 11 (SIGSEGV), si_code: 128 (SI_KERNEL), si_addr: 0x0000000000000000

Registers:
RAX=0x00104128a2a1d9f0, RBX=0x00007f5d4d20c718, RCX=0x0000000000000003, RDX=0x0000000000000001
RSP=0x00007f5c6653d790, RBP=0x0000000000000001, RSI=0x0000000000000001, RDI=0x00007f5d4cfef080
R8 =0x0000000000000002, R9 =0x00007f5d4d20cbdf, R10=0x00007f5c98824ff2, R11=0x00007f5c988a0220
R12=0x0000000000000000, R13=0x000000000000003f, R14=0x00007f5d4d2112e8, R15=0x0000557efe885e10
RIP=0x00007f5d4d066876, EFLAGS=0x0000000000010206, CSGSFS=0x002b000000000033, ERR=0x0000000000000000
  TRAPNO=0x000000000000000d


Register to memory mapping:

RAX=0x00104128a2a1d9f0 is an unknown value
RBX=0x00007f5d4d20c718: <offset 0x00000000001ec718> in /lib/x86_64-linux-gnu/libc.so.6 at 0x00007f5d4d020000
RCX=0x0000000000000003 is an unknown value
RDX=0x0000000000000001 is an unknown value
RSP=0x00007f5c6653d790 is pointing into the stack for thread: 0x00007f5d44de98a0
RBP=0x0000000000000001 is an unknown value
RSI=0x0000000000000001 is an unknown value
RDI=0x00007f5d4cfef080: <offset 0x0000000001551080> in /snap/dbeaver-ce/400/usr/share/dbeaver-ce/jre/lib/server/libjvm.so at 0x00007f5d4ba9e000
R8 =0x0000000000000002 is an unknown value
R9 =0x00007f5d4d20cbdf: <offset 0x00000000001ecbdf> in /lib/x86_64-linux-gnu/libc.so.6 at 0x00007f5d4d020000
R10=0x00007f5c98824ff2: <offset 0x000000000002cff2> in /lib/x86_64-linux-gnu/libstdc++.so.6 at 0x00007f5c987f8000
R11=0x00007f5c988a0220: _ZNSt14error_categoryD1Ev+0x0000000000000000 in /lib/x86_64-linux-gnu/libstdc++.so.6 at 0x00007f5c987f8000
R12=0x0 is null
R13=0x000000000000003f is an unknown value
R14=0x00007f5d4d2112e8: <offset 0x00000000001f12e8> in /lib/x86_64-linux-gnu/libc.so.6 at 0x00007f5d4d020000
R15=0x0000557efe885e10 points into unknown readable memory: 0x0000557efe886260 | 60 62 88 fe 7e 55 00 00

Top of Stack: (sp=0x00007f5c6653d790)
0x00007f5c6653d790:   0000000000000000 0000000100000000
0x00007f5c6653d7a0:   0000000000000000 00007f5d1761f9f8
0x00007f5c6653d7b0:   00007f5d44963ca0 0000000000000001
0x00007f5c6653d7c0:   0000000000000000 00007f5c6653d860
0x00007f5c6653d7d0:   00007f5d44de98a0 00007f5d4d066a60
0x00007f5c6653d7e0:   0000000000000000 00007f5d285f249c
0x00007f5c6653d7f0:   00007f5d44963ca0 00007f5d285efb4d
0x00007f5c6653d800:   00007f5d44963ca0 00007f5d285e12b8
0x00007f5c6653d810:   00007f5c6653d870 0000000000000000
0x00007f5c6653d820:   00007f5c6653d880 00007f5d3cbba6e7
0x00007f5c6653d830:   00007f5d175f55f8 00007f5d3c53f24c
0x00007f5c6653d840:   00007f5d1760ba20 00000000c2fe2230
0x00007f5c6653d850:   00000000c2fe2230 00007f5c6653d8e0
0x00007f5c6653d860:   00000000c2fc31c0 00007f5d3ce511d2
0x00007f5c6653d870:   00007f5c6653d8e0 00007f5d3c53f296
0x00007f5c6653d880:   0000000000000001 00007f5d44963ca0
0x00007f5c6653d890:   0000000000000000 00007f5c6653d898
0x00007f5c6653d8a0:   00007f5d165fd18f 0000000000000009
0x00007f5c6653d8b0:   00007f5d1760ba20 0000000000000000
0x00007f5c6653d8c0:   00000000c14a7da0 00007f5d175f6820
0x00007f5c6653d8d0:   00007f5c6653d880 00007f5c6653d920
0x00007f5c6653d8e0:   00007f5c6653d978 00007f5d3c53f16e
0x00007f5c6653d8f0:   0000000000000000 0000000000000000
0x00007f5c6653d900:   0000000000000000 0000000000000000
0x00007f5c6653d910:   0000000000000000 00000000c14a7f48
0x00007f5c6653d920:   0000000000000000 00000000c14a7ef8
0x00007f5c6653d930:   00007f5c6653d930 00007f5d175f67bd
0x00007f5c6653d940:   0000000000000002 00007f5d1760ba20
0x00007f5c6653d950:   0000000000000000 00000000c14a7da0
0x00007f5c6653d960:   00007f5d175f67c8 00007f5c6653d920
0x00007f5c6653d970:   00007f5c6653d988 00007f5c6653d9d8
0x00007f5c6653d980:   00007f5d3c53f602 00000000c14a7ef8 

Instructions: (pc=0x00007f5d4d066876)
0x00007f5d4d066776:   de 04 00 e9 53 ff ff ff 66 90 f3 0f 1e fa 48 8b
0x00007f5d4d066786:   05 95 56 1a 00 8b 00 85 c0 75 0f e9 0a f7 ff ff
0x00007f5d4d066796:   66 2e 0f 1f 84 00 00 00 00 00 31 c0 c3 66 2e 0f
0x00007f5d4d0667a6:   1f 84 00 00 00 00 00 0f 1f 00 f3 0f 1e fa 41 57
0x00007f5d4d0667b6:   41 56 41 55 41 54 55 89 fd 53 48 89 f3 48 83 ec
0x00007f5d4d0667c6:   18 89 54 24 0c 84 c9 0f 85 35 02 00 00 4c 8d 35
0x00007f5d4d0667d6:   0e ab 1a 00 45 31 e4 0f 1f 00 64 8b 04 25 18 00
0x00007f5d4d0667e6:   00 00 ba 01 00 00 00 85 c0 0f 85 cd 01 00 00 41
0x00007f5d4d0667f6:   0f b1 16 4c 8b 3b 4d 85 ff 75 3b e9 62 01 00 00
0x00007f5d4d066806:   66 2e 0f 1f 84 00 00 00 00 00 48 83 fa 02 0f 84
0x00007f5d4d066816:   b6 00 00 00 64 8b 04 25 18 00 00 00 ba 01 00 00
0x00007f5d4d066826:   00 85 c0 0f 85 c1 00 00 00 41 0f b1 16 4c 39 2d
0x00007f5d4d066836:   a6 aa 1a 00 75 bd 49 8b 47 08 48 85 c0 0f 84 f7
0x00007f5d4d066846:   00 00 00 4c 8d 48 ff 4c 8b 2d 8c aa 1a 00 4d 89
0x00007f5d4d066856:   4f 08 64 8b 04 25 18 00 00 00 85 c0 0f 85 a8 00
0x00007f5d4d066866:   00 00 41 83 2e 01 4c 89 c8 48 c1 e0 05 4c 01 f8
0x00007f5d4d066876:   48 8b 50 10 48 83 fa 03 74 30 48 83 fa 04 75 8a
0x00007f5d4d066886:   48 8b 50 18 48 8b 78 20 48 c7 40 10 00 00 00 00
0x00007f5d4d066896:   89 ee 48 c1 ca 11 64 48 33 14 25 30 00 00 00 ff
0x00007f5d4d0668a6:   d2 e9 6e ff ff ff 0f 1f 40 00 48 8b 40 18 48 c1
0x00007f5d4d0668b6:   c8 11 64 48 33 04 25 30 00 00 00 ff d0 e9 52 ff
0x00007f5d4d0668c6:   ff ff 0f 1f 84 00 00 00 00 00 48 8b 50 18 48 8b
0x00007f5d4d0668d6:   70 20 89 ef 48 c1 ca 11 64 48 33 14 25 30 00 00
0x00007f5d4d0668e6:   00 ff d2 e9 2c ff ff ff 66 90 44 89 e0 f0 41 0f
0x00007f5d4d0668f6:   b1 16 0f 84 35 ff ff ff 4c 89 f7 e8 9a dc 04 00
0x00007f5d4d066906:   e9 28 ff ff ff 0f 1f 44 00 00 44 89 e0 41 87 06
0x00007f5d4d066916:   83 f8 01 0f 8e 4d ff ff ff 45 31 d2 ba 01 00 00
0x00007f5d4d066926:   00 be 81 00 00 00 4c 89 f7 b8 ca 00 00 00 0f 05
0x00007f5d4d066936:   e9 31 ff ff ff 0f 1f 44 00 00 49 8b 07 48 89 03
0x00007f5d4d066946:   48 85 c0 74 08 4c 89 ff e8 dd b9 fd ff 64 8b 04
0x00007f5d4d066956:   25 18 00 00 00 85 c0 75 7e 41 83 2e 01 e9 78 fe
0x00007f5d4d066966:   ff ff c6 05 1d 73 1a 00 01 64 8b 04 25 18 00 00 


Stack slot to memory mapping:

stack at sp + 0 slots: 0x0 is null
stack at sp + 1 slots: 0x0000000100000000 is pointing into metadata
stack at sp + 2 slots: 0x0 is null
stack at sp + 3 slots: {method} {0x00007f5d1761f9f8} 'XEventsQueued' '(JI)I' in 'sun/awt/X11/XlibWrapper'
stack at sp + 4 slots: 0x00007f5d44963ca0 points into unknown readable memory: 0x0000000000000000 | 00 00 00 00 00 00 00 00
stack at sp + 5 slots: 0x0000000000000001 is an unknown value
stack at sp + 6 slots: 0x0 is null
stack at sp + 7 slots: 0x00007f5c6653d860 is pointing into the stack for thread: 0x00007f5d44de98a0


Compiled method (n/a) 1420006 9387     n 0       sun.awt.X11.XlibWrapper::XEventsQueued (native)
 total in heap  [0x00007f5d3cbba490,0x00007f5d3cbba7f8] = 872
 relocation     [0x00007f5d3cbba5e8,0x00007f5d3cbba620] = 56
 main code      [0x00007f5d3cbba620,0x00007f5d3cbba7f8] = 472

[Constant Pool (empty)]

[MachCode]
[Entry Point]
  # {method} {0x00007f5d1761f9f8} 'XEventsQueued' '(JI)I' in 'sun/awt/X11/XlibWrapper'
  # parm0:    rsi:rsi   = long
  # parm1:    rdx       = int
  #           [sp+0x50]  (sp of caller)
  0x00007f5d3cbba620: 448b 5608 | 49c1 e203 | 493b c20f | 8407 0000 

  0x00007f5d3cbba630: ;   {runtime_call ic_miss_stub}
  0x00007f5d3cbba630: 00e9 4aac | 9cff 6690 
[Verified Entry Point]
  0x00007f5d3cbba638: 8984 2400 | c0fe ff55 | 488b ec48 | 83ec 4090 | 4181 7f20 | 1700 0000 

  0x00007f5d3cbba650: ;   {runtime_call StubRoutines (final stubs)}
  0x00007f5d3cbba650: 7405 e849 | 2b9b ff48 | 8bca 488b 

  0x00007f5d3cbba65c: ;   {oop(a 'java/lang/Class'{0x00000000c2fc31c0} = 'sun/awt/X11/XlibWrapper')}
  0x00007f5d3cbba65c: d649 bec0 | 31fc c200 | 0000 004c | 8974 2430 | 4c8d 7424 | 3049 8bf6 

  0x00007f5d3cbba674: ;   {internal_word}
  0x00007f5d3cbba674: c5f8 7749 | ba74 a6bb | 3c5d 7f00 | 004d 8997 | a003 0000 | 4989 a798 

  0x00007f5d3cbba68c: ;   {external_word}
  0x00007f5d3cbba68c: 0300 0080 | 3dd7 2941 | 1000 0f84 | 3400 0000 

  0x00007f5d3cbba69c: ;   {metadata({method} {0x00007f5d1761f9f8} 'XEventsQueued' '(JI)I' in 'sun/awt/X11/XlibWrapper')}
  0x00007f5d3cbba69c: 5652 5148 | bef8 f961 | 175d 7f00 | 0049 8bff | 40f6 c40f | 0f84 1200 | 0000 4883 